<?xml version="1.0" encoding="UTF-8"?>
<!-- Generated by org.testng.reporters.JUnitXMLReporter -->
<testsuite ignored="2" hostname="DESKTOP-5690C3M" failures="0" tests="2" name="2" time="84.9" errors="0" timestamp="2023-11-23T10:15:35 IST">
  <testcase classname="batchGroupParallelCrossB.DemoTest" name="demo_1" time="0.003"/>
  <testcase classname="batchGroupParallelCrossB.PracticeTest" name="practice_1" time="0.003"/>
  <testcase classname="com.OTM.GenericUtils.BaseClass" name="@BeforeSuite config_BS" time="0.0">
    <ignored/>
  </testcase> <!-- @BeforeSuite config_BS -->
  <testcase classname="com.OTM.GenericUtils.BaseClass" name="@AfterSuite config_AS" time="0.0">
    <ignored/>
  </testcase> <!-- @AfterSuite config_AS -->
</testsuite> <!-- 2 -->
