<?xml version="1.0" encoding="UTF-8"?>
<!-- Generated by org.testng.reporters.JUnitXMLReporter -->
<testsuite ignored="0" hostname="DESKTOP-5690C3M" failures="1" tests="1" name="2" time="52.854" errors="0" timestamp="2023-11-23T09:21:50 IST">
  <testcase classname="batchGroupParallelCrossB.PracticeTest" name="practice_1" time="0.289">
    <failure type="java.lang.AssertionError" message="null">
      <![CDATA[java.lang.AssertionError: null
at batchGroupParallelCrossB.PracticeTest.practice_1(PracticeTest.java:21)
at java.base/java.util.ArrayList.forEach(ArrayList.java:1511)
at java.base/java.util.concurrent.FutureTask.run(FutureTask.java:264)
at java.base/java.util.concurrent.ThreadPoolExecutor.runWorker(ThreadPoolExecutor.java:1136)
at java.base/java.util.concurrent.ThreadPoolExecutor$Worker.run(ThreadPoolExecutor.java:635)
at java.base/java.lang.Thread.run(Thread.java:842)
... Removed 19 stack frames]]>
    </failure>
  </testcase> <!-- practice_1 -->
</testsuite> <!-- 2 -->
